
UsersController
  GET #edit
    ログインユーザーの場合
[32m      レスポンスが成功すること[0m
[32m      @userが正しく設定されていること[0m

Bookモデルのテスト
  バリデーションのテスト
    titleカラム
[32m      空欄でないこと[0m
    bodyカラム
[32m      空欄でないこと[0m
[32m      200文字以下であること: 200文字は〇[0m
[32m      200文字以下であること: 201文字は×[0m
  アソシエーションのテスト
    Userモデルとの関係
[32m      N:1となっている[0m

Userモデルのテスト
  バリデーションのテスト
    nameカラム
[32m      空欄でないこと[0m
[32m      2文字以上であること: 1文字は×[0m
[32m      2文字以上であること: 2文字は〇[0m
[32m      20文字以下であること: 20文字は〇[0m
[32m      20文字以下であること: 21文字は×[0m
[32m      一意性があること[0m
    introductionカラム
[32m      50文字以下であること: 50文字は〇[0m
[32m      50文字以下であること: 51文字は×[0m
  アソシエーションのテスト
    Bookモデルとの関係
[32m      1:Nとなっている[0m

[STEP1] ユーザログイン前のテスト
  トップ画面のテスト
    表示内容の確認
[32m      URLが正しい[0m
[32m      Log inリンクが表示される: 青色のボタンの表示が「Log in」である[0m
[32m      Log inリンクの内容が正しい[0m
[32m      Sign upリンクが表示される: 緑色のボタンの表示が「Sign up」である[0m
[32m      Sign upリンクの内容が正しい[0m
  アバウト画面のテスト
    表示内容の確認
[32m      URLが正しい[0m
  ヘッダーのテスト: ログインしていない場合
    表示内容の確認
[32m      Bookersリンクが表示される: 左上から1番目のリンクが「Bookers」である[0m
[32m      Homeリンクが表示される: 左上から2番目のリンクが「Home」である[0m
[32m      Aboutリンクが表示される: 左上から3番目のリンクが「About」である[0m
[32m      Sign upリンクが表示される: 左上から4番目のリンクが「Sign up」である[0m
[32m      Log inリンクが表示される: 左上から5番目のリンクが「Log in」である[0m
    リンクの内容を確認
[32m      Bookersを押すと、トップ画面に遷移する[0m
[32m      Homeを押すと、トップ画面に遷移する[0m
[32m      Aboutを押すと、アバウト画面に遷移する[0m
[32m      Sign upを押すと、新規登録画面に遷移する[0m
[31m      Log inを押すと、ログイン画面に遷移する (FAILED - 1)[0m
  ユーザ新規登録のテスト
    表示内容の確認
[32m      URLが正しい[0m
[32m      「Sign up」と表示される[0m
[32m      nameフォームが表示される[0m
[32m      email_addressフォームが表示される[0m
[32m      passwordフォームが表示される[0m
[32m      password_confirmationフォームが表示される[0m
[32m      Sign upボタンが表示される[0m
    新規登録成功のテスト
[31m      正しく新規登録される (FAILED - 2)[0m
[31m      新規登録後のリダイレクト先が、新規登録できたユーザの詳細画面になっている (FAILED - 3)[0m
  ユーザログイン
    表示内容の確認
[31m      URLが正しい (FAILED - 4)[0m
[32m      「Log in」と表示される[0m
[32m      nameフォームが表示される[0m
[32m      passwordフォームが表示される[0m
[32m      Log inボタンが表示される[0m
[32m      email_addressフォームは表示されない[0m
    ログイン成功のテスト
[32m      ログイン後のリダイレクト先が、ログインしたユーザの詳細画面になっている[0m
    ログイン失敗のテスト
[31m      ログインに失敗し、ログイン画面にリダイレクトされる (FAILED - 5)[0m
  ヘッダーのテスト: ログインしている場合
    ヘッダーの表示を確認
[32m      Bookersリンクが表示される: 左上から1番目のリンクが「Bookers」である[0m
[32m      Homeリンクが表示される: 左上から2番目のリンクが「Home」である[0m
[32m      Usersリンクが表示される: 左上から3番目のリンクが「Users」である[0m
[32m      Booksリンクが表示される: 左上から4番目のリンクが「Books」である[0m
[32m      Log outリンクが表示される: 左上から5番目のリンクが「Log out」である[0m
  ユーザログアウトのテスト
    ログアウト機能のテスト
[32m      正しくログアウトできている: ログアウト後のリダイレクト先においてAbout画面へのリンクが存在する[0m
[31m      ログアウト後のリダイレクト先が、トップになっている (FAILED - 6)[0m

[STEP2] ユーザログイン後のテスト
  ヘッダーのテスト: ログインしている場合
    リンクの内容を確認: ※logoutは『ユーザログアウトのテスト』でテスト済みになります。
[32m      Homeを押すと、自分のユーザ詳細画面に遷移する[0m
[32m      Usersを押すと、ユーザ一覧画面に遷移する[0m
[32m      Booksを押すと、投稿一覧画面に遷移する[0m
  投稿一覧画面のテスト
    表示内容の確認
[32m      URLが正しい[0m
[32m      自分と他人の画像のリンク先が正しい[0m
[32m      自分の投稿と他人の投稿のタイトルのリンク先がそれぞれ正しい[0m
[32m      自分の投稿と他人の投稿のオピニオンが表示される[0m
    サイドバーの確認
[32m      自分の名前と紹介文が表示される[0m
[32m      自分のユーザ編集画面へのリンクが存在する[0m
[32m      「New book」と表示される[0m
[32m      titleフォームが表示される[0m
[32m      titleフォームに値が入っていない[0m
[32m      bodyフォームが表示される[0m
[32m      bodyフォームに値が入っていない[0m
[32m      Create Bookボタンが表示される[0m
    投稿成功のテスト
[31m      自分の新しい投稿が正しく保存される (FAILED - 7)[0m
[31m      リダイレクト先が、保存できた投稿の詳細画面になっている (FAILED - 8)[0m
  自分の投稿詳細画面のテスト
    表示内容の確認
[31m      URLが正しい (FAILED - 9)[0m
[31m      「Book detail」と表示される (FAILED - 10)[0m
[31m      ユーザ画像・名前のリンク先が正しい (FAILED - 11)[0m
[31m      投稿のtitleが表示される (FAILED - 12)[0m
[31m      投稿のbodyが表示される (FAILED - 13)[0m
[31m      投稿の編集リンクが表示される (FAILED - 14)[0m
[31m      投稿の削除リンクが表示される (FAILED - 15)[0m
    サイドバーの確認
[31m      自分の名前と紹介文が表示される (FAILED - 16)[0m
[31m      自分のユーザ編集画面へのリンクが存在する (FAILED - 17)[0m
[31m      「New book」と表示される (FAILED - 18)[0m
[31m      titleフォームが表示される (FAILED - 19)[0m
[31m      titleフォームに値が入っていない (FAILED - 20)[0m
[31m      bodyフォームが表示される (FAILED - 21)[0m
[31m      bodyフォームに値が入っていない (FAILED - 22)[0m
[31m      Create Bookボタンが表示される (FAILED - 23)[0m
    投稿成功のテスト
[31m      自分の新しい投稿が正しく保存される (FAILED - 24)[0m
    編集リンクのテスト
[31m      編集画面に遷移する (FAILED - 25)[0m
    削除リンクのテスト
[31m      application.html.erbにjavascript_pack_tagを含んでいる (FAILED - 26)[0m
[31m      正しく削除される (FAILED - 27)[0m
[31m      リダイレクト先が、投稿一覧画面になっている (FAILED - 28)[0m
  自分の投稿編集画面のテスト
    表示の確認
[32m      URLが正しい[0m
[32m      「Editing Book」と表示される[0m
[32m      title編集フォームが表示される[0m
[32m      body編集フォームが表示される[0m
[31m      Update Bookボタンが表示される (FAILED - 29)[0m
[31m      Showリンクが表示される (FAILED - 30)[0m
[31m      Backリンクが表示される (FAILED - 31)[0m
    編集成功のテスト
[31m      titleが正しく更新される (FAILED - 32)[0m
[31m      bodyが正しく更新される (FAILED - 33)[0m
[31m      リダイレクト先が、更新した投稿の詳細画面になっている (FAILED - 34)[0m
  ユーザ一覧画面のテスト
    表示内容の確認
[32m      URLが正しい[0m
[32m      自分と他人の画像が表示される: fallbackの画像がサイドバーの1つ＋一覧(2人)の2つの計3つ存在する[0m
[32m      自分と他人の名前がそれぞれ表示される[0m
[31m      自分と他人のshowリンクがそれぞれ表示される (FAILED - 35)[0m
    サイドバーの確認
[32m      自分の名前と紹介文が表示される[0m
[32m      自分のユーザ編集画面へのリンクが存在する[0m
[32m      「New book」と表示される[0m
[32m      titleフォームが表示される[0m
[32m      titleフォームに値が入っていない[0m
[32m      bodyフォームが表示される[0m
[32m      bodyフォームに値が入っていない[0m
[32m      Create Bookボタンが表示される[0m
  自分のユーザ詳細画面のテスト
    表示の確認
[32m      URLが正しい[0m
[32m      投稿一覧のユーザ画像のリンク先が正しい[0m
[32m      投稿一覧に自分の投稿のtitleが表示され、リンクが正しい[0m
[32m      投稿一覧に自分の投稿のbodyが表示される[0m
[32m      他人の投稿は表示されない[0m
    サイドバーの確認
[32m      自分の名前と紹介文が表示される[0m
[32m      自分のユーザ編集画面へのリンクが存在する[0m
[32m      「New book」と表示される[0m
[32m      titleフォームが表示される[0m
[32m      titleフォームに値が入っていない[0m
[32m      bodyフォームが表示される[0m
[32m      bodyフォームに値が入っていない[0m
[32m      Create Bookボタンが表示される[0m
  自分のユーザ情報編集画面のテスト
    表示の確認
[32m      URLが正しい[0m
[32m      名前編集フォームに自分の名前が表示される[0m
[31m      画像編集フォームが表示される (FAILED - 36)[0m
[32m      自己紹介編集フォームに自分の自己紹介文が表示される[0m
[32m      Update Userボタンが表示される[0m
    更新成功のテスト
[32m      nameが正しく更新される[0m
[32m      introductionが正しく更新される[0m
[32m      リダイレクト先が、自分のユーザ詳細画面になっている[0m

[STEP3] 仕上げのテスト
  サクセスメッセージのテスト
[31m    ユーザ新規登録成功時 (FAILED - 37)[0m
[32m    ユーザログイン成功時[0m
[32m    ユーザログアウト成功時[0m
[32m    ユーザのプロフィール情報更新成功時[0m
[31m    投稿データの新規投稿成功時: 投稿一覧画面から行います。 (FAILED - 38)[0m
[31m    投稿データの更新成功時 (FAILED - 39)[0m
  処理失敗時のテスト
    ユーザ新規登録失敗: nameを1文字にする
[32m      新規登録されない[0m
[31m      新規登録画面を表示しており、フォームの内容が正しい (FAILED - 40)[0m
[31m      バリデーションエラーが表示される (FAILED - 41)[0m
    ユーザのプロフィール情報編集失敗: nameを1文字にする
[32m      更新されない[0m
[32m      ユーザ編集画面を表示しており、フォームの内容が正しい[0m
[32m      バリデーションエラーが表示される[0m
    投稿データの新規投稿失敗: 投稿一覧画面から行い、titleを空にする
[32m      投稿が保存されない[0m
[32m      投稿一覧画面を表示している[0m
[32m      新規投稿フォームの内容が正しい[0m
[32m      バリデーションエラーが表示される[0m
    投稿データの更新失敗: titleを空にする
[31m      投稿が更新されない (FAILED - 42)[0m
[31m      投稿編集画面を表示しており、フォームの内容が正しい (FAILED - 43)[0m
[31m      エラーメッセージが表示される (FAILED - 44)[0m
  ログインしていない場合のアクセス制限のテスト: アクセスできず、ログイン画面に遷移する
[31m    ユーザ一覧画面 (FAILED - 45)[0m
[31m    ユーザ詳細画面 (FAILED - 46)[0m
[31m    ユーザ情報編集画面 (FAILED - 47)[0m
[31m    投稿一覧画面 (FAILED - 48)[0m
[31m    投稿詳細画面 (FAILED - 49)[0m
[31m    投稿編集画面 (FAILED - 50)[0m
  他人の画面のテスト
    他人の投稿詳細画面のテスト
      表示内容の確認
[31m        URLが正しい (FAILED - 51)[0m
[31m        「Book detail」と表示される (FAILED - 52)[0m
[31m        ユーザ画像・名前のリンク先が正しい (FAILED - 53)[0m
[31m        投稿のtitleが表示される (FAILED - 54)[0m
[31m        投稿のopinionが表示される (FAILED - 55)[0m
[31m        投稿の編集リンクが表示されない (FAILED - 56)[0m
[31m        投稿の削除リンクが表示されない (FAILED - 57)[0m
      サイドバーの確認
[31m        他人の名前と紹介文が表示される (FAILED - 58)[0m
[31m        他人のユーザ編集画面へのリンクが存在する (FAILED - 59)[0m
[31m        自分の名前と紹介文は表示されない (FAILED - 60)[0m
[31m        自分のユーザ編集画面へのリンクは存在しない (FAILED - 61)[0m
    他人の投稿編集画面
[32m      遷移できず、投稿一覧画面にリダイレクトされる[0m
    他人のユーザ詳細画面のテスト
      表示の確認
[32m        URLが正しい[0m
[32m        投稿一覧のユーザ画像のリンク先が正しい[0m
[32m        投稿一覧に他人の投稿のtitleが表示され、リンクが正しい[0m
[32m        投稿一覧に他人の投稿のopinionが表示される[0m
[32m        自分の投稿は表示されない[0m
      サイドバーの確認
[32m        他人の名前と紹介文が表示される[0m
[32m        他人のユーザ編集画面へのリンクが存在する[0m
[32m        自分の名前と紹介文は表示されない[0m
[32m        自分のユーザ編集画面へのリンクは存在しない[0m
    他人のユーザ情報編集画面
[32m      遷移できず、自分のユーザ詳細画面にリダイレクトされる[0m
  グリッドシステムのテスト: container, row, col-md-〇を正しく使えている
[32m    ユーザ一覧画面[0m
[32m    ユーザ詳細画面[0m
[32m    投稿一覧画面[0m
[31m    投稿詳細画面 (FAILED - 62)[0m
  アイコンのテスト
    トップ画面
[32m      本のアイコンが表示される[0m
    アバウト画面
[32m      本のアイコンが表示される[0m
    ヘッダー: ログインしていない場合
[32m      Homeリンクのアイコンが表示される[0m
[32m      Aboutリンクのアイコンが表示される[0m
[32m      Sign upリンクのアイコンが表示される[0m
[31m      Log inリンクのアイコンが表示される (FAILED - 63)[0m
    ヘッダー: ログインしている場合
[32m      Homeリンクのアイコンが表示される[0m
[32m      Usersリンクのアイコンが表示される[0m
[32m      Booksリンクのアイコンが表示される[0m
[31m      Log outリンクのアイコンが表示される (FAILED - 64)[0m
    サイドバー
[32m      ユーザ一覧画面でレンチアイコンが表示される[0m
[32m      ユーザ詳細画面でレンチアイコンが表示される[0m
[32m      投稿一覧画面でレンチアイコンが表示される[0m
[31m      投稿詳細画面でレンチアイコンが表示される (FAILED - 65)[0m

Failures:

  1) [STEP1] ユーザログイン前のテスト ヘッダーのテスト: ログインしていない場合 リンクの内容を確認 Log inを押すと、ログイン画面に遷移する
     [31mFailure/Error: is_expected.to eq '/session/new'[0m
     [31m[0m
     [31m  expected: "/session/new"[0m
     [31m       got: "/users/sign_in"[0m
     [31m[0m
     [31m  (compared using ==)[0m
     [36m# ./spec/system/01_before_login_spec.rb:105:in `block (4 levels) in <main>'[0m

  2) [STEP1] ユーザログイン前のテスト ユーザ新規登録のテスト 新規登録成功のテスト 正しく新規登録される
     [31mFailure/Error: expect { click_button 'Sign up' }.to change(User.all, :count).by(1)[0m
     [31m  expected `User::ActiveRecord_Relation#count` to have changed by 1, but was changed by 0[0m
     [36m# ./spec/system/01_before_login_spec.rb:148:in `block (4 levels) in <main>'[0m

  3) [STEP1] ユーザログイン前のテスト ユーザ新規登録のテスト 新規登録成功のテスト 新規登録後のリダイレクト先が、新規登録できたユーザの詳細画面になっている
     [31mFailure/Error: expect(current_path).to eq '/users/' + User.last.id.to_s[0m
     [31m[0m
     [31mNoMethodError:[0m
     [31m  undefined method `id' for nil[0m
     [36m# ./spec/system/01_before_login_spec.rb:152:in `block (4 levels) in <main>'[0m

  4) [STEP1] ユーザログイン前のテスト ユーザログイン 表示内容の確認 URLが正しい
     [31mFailure/Error: expect(current_path).to eq '/session/new'[0m
     [31m[0m
     [31m  expected: "/session/new"[0m
     [31m       got: "/users/sign_in"[0m
     [31m[0m
     [31m  (compared using ==)[0m
     [36m# ./spec/system/01_before_login_spec.rb:166:in `block (4 levels) in <main>'[0m

  5) [STEP1] ユーザログイン前のテスト ユーザログイン ログイン失敗のテスト ログインに失敗し、ログイン画面にリダイレクトされる
     [31mFailure/Error: expect(current_path).to eq '/session/new'[0m
     [31m[0m
     [31m  expected: "/session/new"[0m
     [31m       got: "/users"[0m
     [31m[0m
     [31m  (compared using ==)[0m
     [36m# ./spec/system/01_before_login_spec.rb:205:in `block (4 levels) in <main>'[0m

  6) [STEP1] ユーザログイン前のテスト ユーザログアウトのテスト ログアウト機能のテスト ログアウト後のリダイレクト先が、トップになっている
     [31mFailure/Error: expect(current_path).to eq '/'[0m
     [31m[0m
     [31m  expected: "/"[0m
     [31m       got: "/users/sign_in"[0m
     [31m[0m
     [31m  (compared using ==)[0m
     [36m# ./spec/system/01_before_login_spec.rb:262:in `block (4 levels) in <main>'[0m

  7) [STEP2] ユーザログイン後のテスト 投稿一覧画面のテスト 投稿成功のテスト 自分の新しい投稿が正しく保存される
     [31mFailure/Error: <%= image_tag book.user.profile_image, size: "100x100" %>[0m
     [31m[0m
     [31mActionView::Template::Error:[0m
     [31m  undefined local variable or method `book' for an instance of #<Class:0x000079e77c79fa08>[0m
     [36m# ./app/views/books/show.html.erb:11:in `block in _app_views_books_show_html_erb__667989318326109301_38880'[0m
     [36m# ./app/views/books/show.html.erb:9:in `_app_views_books_show_html_erb__667989318326109301_38880'[0m
     [36m# ./spec/system/02_after_login_spec.rb:99:in `block (5 levels) in <main>'[0m
     [36m# ./spec/system/02_after_login_spec.rb:99:in `block (4 levels) in <main>'[0m
     [36m# ------------------[0m
     [36m# --- Caused by: ---[0m
     [36m# NameError:[0m
     [36m#   undefined local variable or method `book' for an instance of #<Class:0x000079e77c79fa08>[0m
     [36m#   ./app/views/books/show.html.erb:11:in `block in _app_views_books_show_html_erb__667989318326109301_38880'[0m

  8) [STEP2] ユーザログイン後のテスト 投稿一覧画面のテスト 投稿成功のテスト リダイレクト先が、保存できた投稿の詳細画面になっている
     [31mFailure/Error: <%= image_tag book.user.profile_image, size: "100x100" %>[0m
     [31m[0m
     [31mActionView::Template::Error:[0m
     [31m  undefined local variable or method `book' for an instance of #<Class:0x000079e77c79fa08>[0m
     [36m# ./app/views/books/show.html.erb:11:in `block in _app_views_books_show_html_erb__667989318326109301_38880'[0m
     [36m# ./app/views/books/show.html.erb:9:in `_app_views_books_show_html_erb__667989318326109301_38880'[0m
     [36m# ./spec/system/02_after_login_spec.rb:102:in `block (4 levels) in <main>'[0m
     [36m# ------------------[0m
     [36m# --- Caused by: ---[0m
     [36m# NameError:[0m
     [36m#   undefined local variable or method `book' for an instance of #<Class:0x000079e77c79fa08>[0m
     [36m#   ./app/views/books/show.html.erb:11:in `block in _app_views_books_show_html_erb__667989318326109301_38880'[0m

  9) [STEP2] ユーザログイン後のテスト 自分の投稿詳細画面のテスト 表示内容の確認 URLが正しい
     [31mFailure/Error: <%= image_tag book.user.profile_image, size: "100x100" %>[0m
     [31m[0m
     [31mActionView::Template::Error:[0m
     [31m  undefined local variable or method `book' for an instance of #<Class:0x000079e77c79fa08>[0m
     [36m# ./app/views/books/show.html.erb:11:in `block in _app_views_books_show_html_erb__667989318326109301_38880'[0m
     [36m# ./app/views/books/show.html.erb:9:in `_app_views_books_show_html_erb__667989318326109301_38880'[0m
     [36m# ./spec/system/02_after_login_spec.rb:110:in `block (3 levels) in <main>'[0m
     [36m# ------------------[0m
     [36m# --- Caused by: ---[0m
     [36m# NameError:[0m
     [36m#   undefined local variable or method `book' for an instance of #<Class:0x000079e77c79fa08>[0m
     [36m#   ./app/views/books/show.html.erb:11:in `block in _app_views_books_show_html_erb__667989318326109301_38880'[0m

  10) [STEP2] ユーザログイン後のテスト 自分の投稿詳細画面のテスト 表示内容の確認 「Book detail」と表示される
      [31mFailure/Error: <%= image_tag book.user.profile_image, size: "100x100" %>[0m
      [31m[0m
      [31mActionView::Template::Error:[0m
      [31m  undefined local variable or method `book' for an instance of #<Class:0x000079e77c79fa08>[0m
      [36m# ./app/views/books/show.html.erb:11:in `block in _app_views_books_show_html_erb__667989318326109301_38880'[0m
      [36m# ./app/views/books/show.html.erb:9:in `_app_views_books_show_html_erb__667989318326109301_38880'[0m
      [36m# ./spec/system/02_after_login_spec.rb:110:in `block (3 levels) in <main>'[0m
      [36m# ------------------[0m
      [36m# --- Caused by: ---[0m
      [36m# NameError:[0m
      [36m#   undefined local variable or method `book' for an instance of #<Class:0x000079e77c79fa08>[0m
      [36m#   ./app/views/books/show.html.erb:11:in `block in _app_views_books_show_html_erb__667989318326109301_38880'[0m

  11) [STEP2] ユーザログイン後のテスト 自分の投稿詳細画面のテスト 表示内容の確認 ユーザ画像・名前のリンク先が正しい
      [31mFailure/Error: <%= image_tag book.user.profile_image, size: "100x100" %>[0m
      [31m[0m
      [31mActionView::Template::Error:[0m
      [31m  undefined local variable or method `book' for an instance of #<Class:0x000079e77c79fa08>[0m
      [36m# ./app/views/books/show.html.erb:11:in `block in _app_views_books_show_html_erb__667989318326109301_38880'[0m
      [36m# ./app/views/books/show.html.erb:9:in `_app_views_books_show_html_erb__667989318326109301_38880'[0m
      [36m# ./spec/system/02_after_login_spec.rb:110:in `block (3 levels) in <main>'[0m
      [36m# ------------------[0m
      [36m# --- Caused by: ---[0m
      [36m# NameError:[0m
      [36m#   undefined local variable or method `book' for an instance of #<Class:0x000079e77c79fa08>[0m
      [36m#   ./app/views/books/show.html.erb:11:in `block in _app_views_books_show_html_erb__667989318326109301_38880'[0m

  12) [STEP2] ユーザログイン後のテスト 自分の投稿詳細画面のテスト 表示内容の確認 投稿のtitleが表示される
      [31mFailure/Error: <%= image_tag book.user.profile_image, size: "100x100" %>[0m
      [31m[0m
      [31mActionView::Template::Error:[0m
      [31m  undefined local variable or method `book' for an instance of #<Class:0x000079e77c79fa08>[0m
      [36m# ./app/views/books/show.html.erb:11:in `block in _app_views_books_show_html_erb__667989318326109301_38880'[0m
      [36m# ./app/views/books/show.html.erb:9:in `_app_views_books_show_html_erb__667989318326109301_38880'[0m
      [36m# ./spec/system/02_after_login_spec.rb:110:in `block (3 levels) in <main>'[0m
      [36m# ------------------[0m
      [36m# --- Caused by: ---[0m
      [36m# NameError:[0m
      [36m#   undefined local variable or method `book' for an instance of #<Class:0x000079e77c79fa08>[0m
      [36m#   ./app/views/books/show.html.erb:11:in `block in _app_views_books_show_html_erb__667989318326109301_38880'[0m

  13) [STEP2] ユーザログイン後のテスト 自分の投稿詳細画面のテスト 表示内容の確認 投稿のbodyが表示される
      [31mFailure/Error: <%= image_tag book.user.profile_image, size: "100x100" %>[0m
      [31m[0m
      [31mActionView::Template::Error:[0m
      [31m  undefined local variable or method `book' for an instance of #<Class:0x000079e77c79fa08>[0m
      [36m# ./app/views/books/show.html.erb:11:in `block in _app_views_books_show_html_erb__667989318326109301_38880'[0m
      [36m# ./app/views/books/show.html.erb:9:in `_app_views_books_show_html_erb__667989318326109301_38880'[0m
      [36m# ./spec/system/02_after_login_spec.rb:110:in `block (3 levels) in <main>'[0m
      [36m# ------------------[0m
      [36m# --- Caused by: ---[0m
      [36m# NameError:[0m
      [36m#   undefined local variable or method `book' for an instance of #<Class:0x000079e77c79fa08>[0m
      [36m#   ./app/views/books/show.html.erb:11:in `block in _app_views_books_show_html_erb__667989318326109301_38880'[0m

  14) [STEP2] ユーザログイン後のテスト 自分の投稿詳細画面のテスト 表示内容の確認 投稿の編集リンクが表示される
      [31mFailure/Error: <%= image_tag book.user.profile_image, size: "100x100" %>[0m
      [31m[0m
      [31mActionView::Template::Error:[0m
      [31m  undefined local variable or method `book' for an instance of #<Class:0x000079e77c79fa08>[0m
      [36m# ./app/views/books/show.html.erb:11:in `block in _app_views_books_show_html_erb__667989318326109301_38880'[0m
      [36m# ./app/views/books/show.html.erb:9:in `_app_views_books_show_html_erb__667989318326109301_38880'[0m
      [36m# ./spec/system/02_after_login_spec.rb:110:in `block (3 levels) in <main>'[0m
      [36m# ------------------[0m
      [36m# --- Caused by: ---[0m
      [36m# NameError:[0m
      [36m#   undefined local variable or method `book' for an instance of #<Class:0x000079e77c79fa08>[0m
      [36m#   ./app/views/books/show.html.erb:11:in `block in _app_views_books_show_html_erb__667989318326109301_38880'[0m

  15) [STEP2] ユーザログイン後のテスト 自分の投稿詳細画面のテスト 表示内容の確認 投稿の削除リンクが表示される
      [31mFailure/Error: <%= image_tag book.user.profile_image, size: "100x100" %>[0m
      [31m[0m
      [31mActionView::Template::Error:[0m
      [31m  undefined local variable or method `book' for an instance of #<Class:0x000079e77c79fa08>[0m
      [36m# ./app/views/books/show.html.erb:11:in `block in _app_views_books_show_html_erb__667989318326109301_38880'[0m
      [36m# ./app/views/books/show.html.erb:9:in `_app_views_books_show_html_erb__667989318326109301_38880'[0m
      [36m# ./spec/system/02_after_login_spec.rb:110:in `block (3 levels) in <main>'[0m
      [36m# ------------------[0m
      [36m# --- Caused by: ---[0m
      [36m# NameError:[0m
      [36m#   undefined local variable or method `book' for an instance of #<Class:0x000079e77c79fa08>[0m
      [36m#   ./app/views/books/show.html.erb:11:in `block in _app_views_books_show_html_erb__667989318326109301_38880'[0m

  16) [STEP2] ユーザログイン後のテスト 自分の投稿詳細画面のテスト サイドバーの確認 自分の名前と紹介文が表示される
      [31mFailure/Error: <%= image_tag book.user.profile_image, size: "100x100" %>[0m
      [31m[0m
      [31mActionView::Template::Error:[0m
      [31m  undefined local variable or method `book' for an instance of #<Class:0x000079e77c79fa08>[0m
      [36m# ./app/views/books/show.html.erb:11:in `block in _app_views_books_show_html_erb__667989318326109301_38880'[0m
      [36m# ./app/views/books/show.html.erb:9:in `_app_views_books_show_html_erb__667989318326109301_38880'[0m
      [36m# ./spec/system/02_after_login_spec.rb:110:in `block (3 levels) in <main>'[0m
      [36m# ------------------[0m
      [36m# --- Caused by: ---[0m
      [36m# NameError:[0m
      [36m#   undefined local variable or method `book' for an instance of #<Class:0x000079e77c79fa08>[0m
      [36m#   ./app/views/books/show.html.erb:11:in `block in _app_views_books_show_html_erb__667989318326109301_38880'[0m

  17) [STEP2] ユーザログイン後のテスト 自分の投稿詳細画面のテスト サイドバーの確認 自分のユーザ編集画面へのリンクが存在する
      [31mFailure/Error: <%= image_tag book.user.profile_image, size: "100x100" %>[0m
      [31m[0m
      [31mActionView::Template::Error:[0m
      [31m  undefined local variable or method `book' for an instance of #<Class:0x000079e77c79fa08>[0m
      [36m# ./app/views/books/show.html.erb:11:in `block in _app_views_books_show_html_erb__667989318326109301_38880'[0m
      [36m# ./app/views/books/show.html.erb:9:in `_app_views_books_show_html_erb__667989318326109301_38880'[0m
      [36m# ./spec/system/02_after_login_spec.rb:110:in `block (3 levels) in <main>'[0m
      [36m# ------------------[0m
      [36m# --- Caused by: ---[0m
      [36m# NameError:[0m
      [36m#   undefined local variable or method `book' for an instance of #<Class:0x000079e77c79fa08>[0m
      [36m#   ./app/views/books/show.html.erb:11:in `block in _app_views_books_show_html_erb__667989318326109301_38880'[0m

  18) [STEP2] ユーザログイン後のテスト 自分の投稿詳細画面のテスト サイドバーの確認 「New book」と表示される
      [31mFailure/Error: <%= image_tag book.user.profile_image, size: "100x100" %>[0m
      [31m[0m
      [31mActionView::Template::Error:[0m
      [31m  undefined local variable or method `book' for an instance of #<Class:0x000079e77c79fa08>[0m
      [36m# ./app/views/books/show.html.erb:11:in `block in _app_views_books_show_html_erb__667989318326109301_38880'[0m
      [36m# ./app/views/books/show.html.erb:9:in `_app_views_books_show_html_erb__667989318326109301_38880'[0m
      [36m# ./spec/system/02_after_login_spec.rb:110:in `block (3 levels) in <main>'[0m
      [36m# ------------------[0m
      [36m# --- Caused by: ---[0m
      [36m# NameError:[0m
      [36m#   undefined local variable or method `book' for an instance of #<Class:0x000079e77c79fa08>[0m
      [36m#   ./app/views/books/show.html.erb:11:in `block in _app_views_books_show_html_erb__667989318326109301_38880'[0m

  19) [STEP2] ユーザログイン後のテスト 自分の投稿詳細画面のテスト サイドバーの確認 titleフォームが表示される
      [31mFailure/Error: <%= image_tag book.user.profile_image, size: "100x100" %>[0m
      [31m[0m
      [31mActionView::Template::Error:[0m
      [31m  undefined local variable or method `book' for an instance of #<Class:0x000079e77c79fa08>[0m
      [36m# ./app/views/books/show.html.erb:11:in `block in _app_views_books_show_html_erb__667989318326109301_38880'[0m
      [36m# ./app/views/books/show.html.erb:9:in `_app_views_books_show_html_erb__667989318326109301_38880'[0m
      [36m# ./spec/system/02_after_login_spec.rb:110:in `block (3 levels) in <main>'[0m
      [36m# ------------------[0m
      [36m# --- Caused by: ---[0m
      [36m# NameError:[0m
      [36m#   undefined local variable or method `book' for an instance of #<Class:0x000079e77c79fa08>[0m
      [36m#   ./app/views/books/show.html.erb:11:in `block in _app_views_books_show_html_erb__667989318326109301_38880'[0m

  20) [STEP2] ユーザログイン後のテスト 自分の投稿詳細画面のテスト サイドバーの確認 titleフォームに値が入っていない
      [31mFailure/Error: <%= image_tag book.user.profile_image, size: "100x100" %>[0m
      [31m[0m
      [31mActionView::Template::Error:[0m
      [31m  undefined local variable or method `book' for an instance of #<Class:0x000079e77c79fa08>[0m
      [36m# ./app/views/books/show.html.erb:11:in `block in _app_views_books_show_html_erb__667989318326109301_38880'[0m
      [36m# ./app/views/books/show.html.erb:9:in `_app_views_books_show_html_erb__667989318326109301_38880'[0m
      [36m# ./spec/system/02_after_login_spec.rb:110:in `block (3 levels) in <main>'[0m
      [36m# ------------------[0m
      [36m# --- Caused by: ---[0m
      [36m# NameError:[0m
      [36m#   undefined local variable or method `book' for an instance of #<Class:0x000079e77c79fa08>[0m
      [36m#   ./app/views/books/show.html.erb:11:in `block in _app_views_books_show_html_erb__667989318326109301_38880'[0m

  21) [STEP2] ユーザログイン後のテスト 自分の投稿詳細画面のテスト サイドバーの確認 bodyフォームが表示される
      [31mFailure/Error: <%= image_tag book.user.profile_image, size: "100x100" %>[0m
      [31m[0m
      [31mActionView::Template::Error:[0m
      [31m  undefined local variable or method `book' for an instance of #<Class:0x000079e77c79fa08>[0m
      [36m# ./app/views/books/show.html.erb:11:in `block in _app_views_books_show_html_erb__667989318326109301_38880'[0m
      [36m# ./app/views/books/show.html.erb:9:in `_app_views_books_show_html_erb__667989318326109301_38880'[0m
      [36m# ./spec/system/02_after_login_spec.rb:110:in `block (3 levels) in <main>'[0m
      [36m# ------------------[0m
      [36m# --- Caused by: ---[0m
      [36m# NameError:[0m
      [36m#   undefined local variable or method `book' for an instance of #<Class:0x000079e77c79fa08>[0m
      [36m#   ./app/views/books/show.html.erb:11:in `block in _app_views_books_show_html_erb__667989318326109301_38880'[0m

  22) [STEP2] ユーザログイン後のテスト 自分の投稿詳細画面のテスト サイドバーの確認 bodyフォームに値が入っていない
      [31mFailure/Error: <%= image_tag book.user.profile_image, size: "100x100" %>[0m
      [31m[0m
      [31mActionView::Template::Error:[0m
      [31m  undefined local variable or method `book' for an instance of #<Class:0x000079e77c79fa08>[0m
      [36m# ./app/views/books/show.html.erb:11:in `block in _app_views_books_show_html_erb__667989318326109301_38880'[0m
      [36m# ./app/views/books/show.html.erb:9:in `_app_views_books_show_html_erb__667989318326109301_38880'[0m
      [36m# ./spec/system/02_after_login_spec.rb:110:in `block (3 levels) in <main>'[0m
      [36m# ------------------[0m
      [36m# --- Caused by: ---[0m
      [36m# NameError:[0m
      [36m#   undefined local variable or method `book' for an instance of #<Class:0x000079e77c79fa08>[0m
      [36m#   ./app/views/books/show.html.erb:11:in `block in _app_views_books_show_html_erb__667989318326109301_38880'[0m

  23) [STEP2] ユーザログイン後のテスト 自分の投稿詳細画面のテスト サイドバーの確認 Create Bookボタンが表示される
      [31mFailure/Error: <%= image_tag book.user.profile_image, size: "100x100" %>[0m
      [31m[0m
      [31mActionView::Template::Error:[0m
      [31m  undefined local variable or method `book' for an instance of #<Class:0x000079e77c79fa08>[0m
      [36m# ./app/views/books/show.html.erb:11:in `block in _app_views_books_show_html_erb__667989318326109301_38880'[0m
      [36m# ./app/views/books/show.html.erb:9:in `_app_views_books_show_html_erb__667989318326109301_38880'[0m
      [36m# ./spec/system/02_after_login_spec.rb:110:in `block (3 levels) in <main>'[0m
      [36m# ------------------[0m
      [36m# --- Caused by: ---[0m
      [36m# NameError:[0m
      [36m#   undefined local variable or method `book' for an instance of #<Class:0x000079e77c79fa08>[0m
      [36m#   ./app/views/books/show.html.erb:11:in `block in _app_views_books_show_html_erb__667989318326109301_38880'[0m

  24) [STEP2] ユーザログイン後のテスト 自分の投稿詳細画面のテスト 投稿成功のテスト 自分の新しい投稿が正しく保存される
      [31mFailure/Error: <%= image_tag book.user.profile_image, size: "100x100" %>[0m
      [31m[0m
      [31mActionView::Template::Error:[0m
      [31m  undefined local variable or method `book' for an instance of #<Class:0x000079e77c79fa08>[0m
      [36m# ./app/views/books/show.html.erb:11:in `block in _app_views_books_show_html_erb__667989318326109301_38880'[0m
      [36m# ./app/views/books/show.html.erb:9:in `_app_views_books_show_html_erb__667989318326109301_38880'[0m
      [36m# ./spec/system/02_after_login_spec.rb:110:in `block (3 levels) in <main>'[0m
      [36m# ------------------[0m
      [36m# --- Caused by: ---[0m
      [36m# NameError:[0m
      [36m#   undefined local variable or method `book' for an instance of #<Class:0x000079e77c79fa08>[0m
      [36m#   ./app/views/books/show.html.erb:11:in `block in _app_views_books_show_html_erb__667989318326109301_38880'[0m

  25) [STEP2] ユーザログイン後のテスト 自分の投稿詳細画面のテスト 編集リンクのテスト 編集画面に遷移する
      [31mFailure/Error: <%= image_tag book.user.profile_image, size: "100x100" %>[0m
      [31m[0m
      [31mActionView::Template::Error:[0m
      [31m  undefined local variable or method `book' for an instance of #<Class:0x000079e77c79fa08>[0m
      [36m# ./app/views/books/show.html.erb:11:in `block in _app_views_books_show_html_erb__667989318326109301_38880'[0m
      [36m# ./app/views/books/show.html.erb:9:in `_app_views_books_show_html_erb__667989318326109301_38880'[0m
      [36m# ./spec/system/02_after_login_spec.rb:110:in `block (3 levels) in <main>'[0m
      [36m# ------------------[0m
      [36m# --- Caused by: ---[0m
      [36m# NameError:[0m
      [36m#   undefined local variable or method `book' for an instance of #<Class:0x000079e77c79fa08>[0m
      [36m#   ./app/views/books/show.html.erb:11:in `block in _app_views_books_show_html_erb__667989318326109301_38880'[0m

  26) [STEP2] ユーザログイン後のテスト 自分の投稿詳細画面のテスト 削除リンクのテスト application.html.erbにjavascript_pack_tagを含んでいる
      [31mFailure/Error: <%= image_tag book.user.profile_image, size: "100x100" %>[0m
      [31m[0m
      [31mActionView::Template::Error:[0m
      [31m  undefined local variable or method `book' for an instance of #<Class:0x000079e77c79fa08>[0m
      [36m# ./app/views/books/show.html.erb:11:in `block in _app_views_books_show_html_erb__667989318326109301_38880'[0m
      [36m# ./app/views/books/show.html.erb:9:in `_app_views_books_show_html_erb__667989318326109301_38880'[0m
      [36m# ./spec/system/02_after_login_spec.rb:110:in `block (3 levels) in <main>'[0m
      [36m# ------------------[0m
      [36m# --- Caused by: ---[0m
      [36m# NameError:[0m
      [36m#   undefined local variable or method `book' for an instance of #<Class:0x000079e77c79fa08>[0m
      [36m#   ./app/views/books/show.html.erb:11:in `block in _app_views_books_show_html_erb__667989318326109301_38880'[0m

  27) [STEP2] ユーザログイン後のテスト 自分の投稿詳細画面のテスト 削除リンクのテスト 正しく削除される
      [31mFailure/Error: <%= image_tag book.user.profile_image, size: "100x100" %>[0m
      [31m[0m
      [31mActionView::Template::Error:[0m
      [31m  undefined local variable or method `book' for an instance of #<Class:0x000079e77c79fa08>[0m
      [36m# ./app/views/books/show.html.erb:11:in `block in _app_views_books_show_html_erb__667989318326109301_38880'[0m
      [36m# ./app/views/books/show.html.erb:9:in `_app_views_books_show_html_erb__667989318326109301_38880'[0m
      [36m# ./spec/system/02_after_login_spec.rb:110:in `block (3 levels) in <main>'[0m
      [36m# ------------------[0m
      [36m# --- Caused by: ---[0m
      [36m# NameError:[0m
      [36m#   undefined local variable or method `book' for an instance of #<Class:0x000079e77c79fa08>[0m
      [36m#   ./app/views/books/show.html.erb:11:in `block in _app_views_books_show_html_erb__667989318326109301_38880'[0m

  28) [STEP2] ユーザログイン後のテスト 自分の投稿詳細画面のテスト 削除リンクのテスト リダイレクト先が、投稿一覧画面になっている
      [31mFailure/Error: <%= image_tag book.user.profile_image, size: "100x100" %>[0m
      [31m[0m
      [31mActionView::Template::Error:[0m
      [31m  undefined local variable or method `book' for an instance of #<Class:0x000079e77c79fa08>[0m
      [36m# ./app/views/books/show.html.erb:11:in `block in _app_views_books_show_html_erb__667989318326109301_38880'[0m
      [36m# ./app/views/books/show.html.erb:9:in `_app_views_books_show_html_erb__667989318326109301_38880'[0m
      [36m# ./spec/system/02_after_login_spec.rb:110:in `block (3 levels) in <main>'[0m
      [36m# ------------------[0m
      [36m# --- Caused by: ---[0m
      [36m# NameError:[0m
      [36m#   undefined local variable or method `book' for an instance of #<Class:0x000079e77c79fa08>[0m
      [36m#   ./app/views/books/show.html.erb:11:in `block in _app_views_books_show_html_erb__667989318326109301_38880'[0m

  29) [STEP2] ユーザログイン後のテスト 自分の投稿編集画面のテスト 表示の確認 Update Bookボタンが表示される
      [31mFailure/Error: expect(page).to have_button 'Update Book'[0m
      [31m  expected to find button "Update Book" that is not disabled but there were no matches[0m
      [36m# ./spec/system/02_after_login_spec.rb:231:in `block (4 levels) in <main>'[0m

  30) [STEP2] ユーザログイン後のテスト 自分の投稿編集画面のテスト 表示の確認 Showリンクが表示される
      [31mFailure/Error: expect(page).to have_link 'Show', href: book_path(book)[0m
      [31m  expected to find link "Show" with href "/books/1" but there were no matches[0m
      [36m# ./spec/system/02_after_login_spec.rb:234:in `block (4 levels) in <main>'[0m

  31) [STEP2] ユーザログイン後のテスト 自分の投稿編集画面のテスト 表示の確認 Backリンクが表示される
      [31mFailure/Error: expect(page).to have_link 'Back', href: books_path[0m
      [31m  expected to find link "Back" with href "/books" but there were no matches[0m
      [36m# ./spec/system/02_after_login_spec.rb:237:in `block (4 levels) in <main>'[0m

  32) [STEP2] ユーザログイン後のテスト 自分の投稿編集画面のテスト 編集成功のテスト titleが正しく更新される
      [31mFailure/Error: click_button 'Update Book'[0m
      [31m[0m
      [31mCapybara::ElementNotFound:[0m
      [31m  Unable to find button "Update Book" that is not disabled[0m
      [36m# ./spec/system/02_after_login_spec.rb:247:in `block (4 levels) in <main>'[0m

  33) [STEP2] ユーザログイン後のテスト 自分の投稿編集画面のテスト 編集成功のテスト bodyが正しく更新される
      [31mFailure/Error: click_button 'Update Book'[0m
      [31m[0m
      [31mCapybara::ElementNotFound:[0m
      [31m  Unable to find button "Update Book" that is not disabled[0m
      [36m# ./spec/system/02_after_login_spec.rb:247:in `block (4 levels) in <main>'[0m

  34) [STEP2] ユーザログイン後のテスト 自分の投稿編集画面のテスト 編集成功のテスト リダイレクト先が、更新した投稿の詳細画面になっている
      [31mFailure/Error: click_button 'Update Book'[0m
      [31m[0m
      [31mCapybara::ElementNotFound:[0m
      [31m  Unable to find button "Update Book" that is not disabled[0m
      [36m# ./spec/system/02_after_login_spec.rb:247:in `block (4 levels) in <main>'[0m

  35) [STEP2] ユーザログイン後のテスト ユーザ一覧画面のテスト 表示内容の確認 自分と他人のshowリンクがそれぞれ表示される
      [31mFailure/Error: expect(page).to have_link 'Show', href: user_path(user)[0m
      [31m  expected to find link "Show" with href "/users/1" but there were no matches[0m
      [36m# ./spec/system/02_after_login_spec.rb:280:in `block (4 levels) in <main>'[0m

  36) [STEP2] ユーザログイン後のテスト 自分のユーザ情報編集画面のテスト 表示の確認 画像編集フォームが表示される
      [31mFailure/Error: expect(page).to have_field 'user[profile_image]'[0m
      [31m  expected to find field "user[profile_image]" that is not disabled but there were no matches[0m
      [36m# ./spec/system/02_after_login_spec.rb:381:in `block (4 levels) in <main>'[0m

  37) [STEP3] 仕上げのテスト サクセスメッセージのテスト ユーザ新規登録成功時
      [31mFailure/Error: is_expected.to have_content 'successfully'[0m
      [31m  expected to find text "successfully" in "Bookers\nHome About Sign up Log in\nLog in\nName\nPassword\nRemember me\nSign up Forgot your password?\nCopyRight Infratop.inc"[0m
      [36m# ./spec/system/03_finishing_touches_spec.rb:19:in `block (3 levels) in <main>'[0m

  38) [STEP3] 仕上げのテスト サクセスメッセージのテスト 投稿データの新規投稿成功時: 投稿一覧画面から行います。
      [31mFailure/Error: <%= image_tag book.user.profile_image, size: "100x100" %>[0m
      [31m[0m
      [31mActionView::Template::Error:[0m
      [31m  undefined local variable or method `book' for an instance of #<Class:0x000079e77c79fa08>[0m
      [36m# ./app/views/books/show.html.erb:11:in `block in _app_views_books_show_html_erb__667989318326109301_38880'[0m
      [36m# ./app/views/books/show.html.erb:9:in `_app_views_books_show_html_erb__667989318326109301_38880'[0m
      [36m# ./spec/system/03_finishing_touches_spec.rb:55:in `block (3 levels) in <main>'[0m
      [36m# ------------------[0m
      [36m# --- Caused by: ---[0m
      [36m# NameError:[0m
      [36m#   undefined local variable or method `book' for an instance of #<Class:0x000079e77c79fa08>[0m
      [36m#   ./app/views/books/show.html.erb:11:in `block in _app_views_books_show_html_erb__667989318326109301_38880'[0m

  39) [STEP3] 仕上げのテスト サクセスメッセージのテスト 投稿データの更新成功時
      [31mFailure/Error: click_button 'Update Book'[0m
      [31m[0m
      [31mCapybara::ElementNotFound:[0m
      [31m  Unable to find button "Update Book" that is not disabled[0m
      [36m# ./spec/system/03_finishing_touches_spec.rb:64:in `block (3 levels) in <main>'[0m

  40) [STEP3] 仕上げのテスト 処理失敗時のテスト ユーザ新規登録失敗: nameを1文字にする 新規登録画面を表示しており、フォームの内容が正しい
      [31mFailure/Error: expect(page).to have_field 'user[name]', with: @name[0m
      [31m  expected to find field "user[name]" that is not disabled but there were no matches[0m
      [36m# ./spec/system/03_finishing_touches_spec.rb:87:in `block (4 levels) in <main>'[0m

  41) [STEP3] 仕上げのテスト 処理失敗時のテスト ユーザ新規登録失敗: nameを1文字にする バリデーションエラーが表示される
      [31mFailure/Error: expect(page).to have_content "is too short (minimum is 2 characters)"[0m
      [31m  expected to find text "is too short (minimum is 2 characters)" in "Bookers\nHome About Sign up Log in\nLog in\nName\nPassword\nRemember me\nSign up Forgot your password?\nCopyRight Infratop.inc"[0m
      [36m# ./spec/system/03_finishing_touches_spec.rb:92:in `block (4 levels) in <main>'[0m

  42) [STEP3] 仕上げのテスト 処理失敗時のテスト 投稿データの更新失敗: titleを空にする 投稿が更新されない
      [31mFailure/Error: click_button 'Update Book'[0m
      [31m[0m
      [31mCapybara::ElementNotFound:[0m
      [31m  Unable to find button "Update Book" that is not disabled[0m
      [36m# ./spec/system/03_finishing_touches_spec.rb:159:in `block (4 levels) in <main>'[0m

  43) [STEP3] 仕上げのテスト 処理失敗時のテスト 投稿データの更新失敗: titleを空にする 投稿編集画面を表示しており、フォームの内容が正しい
      [31mFailure/Error: click_button 'Update Book'[0m
      [31m[0m
      [31mCapybara::ElementNotFound:[0m
      [31m  Unable to find button "Update Book" that is not disabled[0m
      [36m# ./spec/system/03_finishing_touches_spec.rb:159:in `block (4 levels) in <main>'[0m

  44) [STEP3] 仕上げのテスト 処理失敗時のテスト 投稿データの更新失敗: titleを空にする エラーメッセージが表示される
      [31mFailure/Error: click_button 'Update Book'[0m
      [31m[0m
      [31mCapybara::ElementNotFound:[0m
      [31m  Unable to find button "Update Book" that is not disabled[0m
      [36m# ./spec/system/03_finishing_touches_spec.rb:159:in `block (4 levels) in <main>'[0m

  45) [STEP3] 仕上げのテスト ログインしていない場合のアクセス制限のテスト: アクセスできず、ログイン画面に遷移する ユーザ一覧画面
      [31mFailure/Error: is_expected.to eq '/session/new'[0m
      [31m[0m
      [31m  expected: "/session/new"[0m
      [31m       got: "/users/sign_in"[0m
      [31m[0m
      [31m  (compared using ==)[0m
      [36m# ./spec/system/03_finishing_touches_spec.rb:181:in `block (3 levels) in <main>'[0m

  46) [STEP3] 仕上げのテスト ログインしていない場合のアクセス制限のテスト: アクセスできず、ログイン画面に遷移する ユーザ詳細画面
      [31mFailure/Error: is_expected.to eq '/session/new'[0m
      [31m[0m
      [31m  expected: "/session/new"[0m
      [31m       got: "/users/sign_in"[0m
      [31m[0m
      [31m  (compared using ==)[0m
      [36m# ./spec/system/03_finishing_touches_spec.rb:185:in `block (3 levels) in <main>'[0m

  47) [STEP3] 仕上げのテスト ログインしていない場合のアクセス制限のテスト: アクセスできず、ログイン画面に遷移する ユーザ情報編集画面
      [31mFailure/Error: is_expected.to eq '/session/new'[0m
      [31m[0m
      [31m  expected: "/session/new"[0m
      [31m       got: "/users/sign_in"[0m
      [31m[0m
      [31m  (compared using ==)[0m
      [36m# ./spec/system/03_finishing_touches_spec.rb:189:in `block (3 levels) in <main>'[0m

  48) [STEP3] 仕上げのテスト ログインしていない場合のアクセス制限のテスト: アクセスできず、ログイン画面に遷移する 投稿一覧画面
      [31mFailure/Error: is_expected.to eq '/session/new'[0m
      [31m[0m
      [31m  expected: "/session/new"[0m
      [31m       got: "/users/sign_in"[0m
      [31m[0m
      [31m  (compared using ==)[0m
      [36m# ./spec/system/03_finishing_touches_spec.rb:193:in `block (3 levels) in <main>'[0m

  49) [STEP3] 仕上げのテスト ログインしていない場合のアクセス制限のテスト: アクセスできず、ログイン画面に遷移する 投稿詳細画面
      [31mFailure/Error: is_expected.to eq '/session/new'[0m
      [31m[0m
      [31m  expected: "/session/new"[0m
      [31m       got: "/users/sign_in"[0m
      [31m[0m
      [31m  (compared using ==)[0m
      [36m# ./spec/system/03_finishing_touches_spec.rb:197:in `block (3 levels) in <main>'[0m

  50) [STEP3] 仕上げのテスト ログインしていない場合のアクセス制限のテスト: アクセスできず、ログイン画面に遷移する 投稿編集画面
      [31mFailure/Error: is_expected.to eq '/session/new'[0m
      [31m[0m
      [31m  expected: "/session/new"[0m
      [31m       got: "/users/sign_in"[0m
      [31m[0m
      [31m  (compared using ==)[0m
      [36m# ./spec/system/03_finishing_touches_spec.rb:201:in `block (3 levels) in <main>'[0m

  51) [STEP3] 仕上げのテスト 他人の画面のテスト 他人の投稿詳細画面のテスト 表示内容の確認 URLが正しい
      [31mFailure/Error: <%= image_tag book.user.profile_image, size: "100x100" %>[0m
      [31m[0m
      [31mActionView::Template::Error:[0m
      [31m  undefined local variable or method `book' for an instance of #<Class:0x000079e77c79fa08>[0m
      [36m# ./app/views/books/show.html.erb:11:in `block in _app_views_books_show_html_erb__667989318326109301_38880'[0m
      [36m# ./app/views/books/show.html.erb:9:in `_app_views_books_show_html_erb__667989318326109301_38880'[0m
      [36m# ./spec/system/03_finishing_touches_spec.rb:215:in `block (4 levels) in <main>'[0m
      [36m# ------------------[0m
      [36m# --- Caused by: ---[0m
      [36m# NameError:[0m
      [36m#   undefined local variable or method `book' for an instance of #<Class:0x000079e77c79fa08>[0m
      [36m#   ./app/views/books/show.html.erb:11:in `block in _app_views_books_show_html_erb__667989318326109301_38880'[0m

  52) [STEP3] 仕上げのテスト 他人の画面のテスト 他人の投稿詳細画面のテスト 表示内容の確認 「Book detail」と表示される
      [31mFailure/Error: <%= image_tag book.user.profile_image, size: "100x100" %>[0m
      [31m[0m
      [31mActionView::Template::Error:[0m
      [31m  undefined local variable or method `book' for an instance of #<Class:0x000079e77c79fa08>[0m
      [36m# ./app/views/books/show.html.erb:11:in `block in _app_views_books_show_html_erb__667989318326109301_38880'[0m
      [36m# ./app/views/books/show.html.erb:9:in `_app_views_books_show_html_erb__667989318326109301_38880'[0m
      [36m# ./spec/system/03_finishing_touches_spec.rb:215:in `block (4 levels) in <main>'[0m
      [36m# ------------------[0m
      [36m# --- Caused by: ---[0m
      [36m# NameError:[0m
      [36m#   undefined local variable or method `book' for an instance of #<Class:0x000079e77c79fa08>[0m
      [36m#   ./app/views/books/show.html.erb:11:in `block in _app_views_books_show_html_erb__667989318326109301_38880'[0m

  53) [STEP3] 仕上げのテスト 他人の画面のテスト 他人の投稿詳細画面のテスト 表示内容の確認 ユーザ画像・名前のリンク先が正しい
      [31mFailure/Error: <%= image_tag book.user.profile_image, size: "100x100" %>[0m
      [31m[0m
      [31mActionView::Template::Error:[0m
      [31m  undefined local variable or method `book' for an instance of #<Class:0x000079e77c79fa08>[0m
      [36m# ./app/views/books/show.html.erb:11:in `block in _app_views_books_show_html_erb__667989318326109301_38880'[0m
      [36m# ./app/views/books/show.html.erb:9:in `_app_views_books_show_html_erb__667989318326109301_38880'[0m
      [36m# ./spec/system/03_finishing_touches_spec.rb:215:in `block (4 levels) in <main>'[0m
      [36m# ------------------[0m
      [36m# --- Caused by: ---[0m
      [36m# NameError:[0m
      [36m#   undefined local variable or method `book' for an instance of #<Class:0x000079e77c79fa08>[0m
      [36m#   ./app/views/books/show.html.erb:11:in `block in _app_views_books_show_html_erb__667989318326109301_38880'[0m

  54) [STEP3] 仕上げのテスト 他人の画面のテスト 他人の投稿詳細画面のテスト 表示内容の確認 投稿のtitleが表示される
      [31mFailure/Error: <%= image_tag book.user.profile_image, size: "100x100" %>[0m
      [31m[0m
      [31mActionView::Template::Error:[0m
      [31m  undefined local variable or method `book' for an instance of #<Class:0x000079e77c79fa08>[0m
      [36m# ./app/views/books/show.html.erb:11:in `block in _app_views_books_show_html_erb__667989318326109301_38880'[0m
      [36m# ./app/views/books/show.html.erb:9:in `_app_views_books_show_html_erb__667989318326109301_38880'[0m
      [36m# ./spec/system/03_finishing_touches_spec.rb:215:in `block (4 levels) in <main>'[0m
      [36m# ------------------[0m
      [36m# --- Caused by: ---[0m
      [36m# NameError:[0m
      [36m#   undefined local variable or method `book' for an instance of #<Class:0x000079e77c79fa08>[0m
      [36m#   ./app/views/books/show.html.erb:11:in `block in _app_views_books_show_html_erb__667989318326109301_38880'[0m

  55) [STEP3] 仕上げのテスト 他人の画面のテスト 他人の投稿詳細画面のテスト 表示内容の確認 投稿のopinionが表示される
      [31mFailure/Error: <%= image_tag book.user.profile_image, size: "100x100" %>[0m
      [31m[0m
      [31mActionView::Template::Error:[0m
      [31m  undefined local variable or method `book' for an instance of #<Class:0x000079e77c79fa08>[0m
      [36m# ./app/views/books/show.html.erb:11:in `block in _app_views_books_show_html_erb__667989318326109301_38880'[0m
      [36m# ./app/views/books/show.html.erb:9:in `_app_views_books_show_html_erb__667989318326109301_38880'[0m
      [36m# ./spec/system/03_finishing_touches_spec.rb:215:in `block (4 levels) in <main>'[0m
      [36m# ------------------[0m
      [36m# --- Caused by: ---[0m
      [36m# NameError:[0m
      [36m#   undefined local variable or method `book' for an instance of #<Class:0x000079e77c79fa08>[0m
      [36m#   ./app/views/books/show.html.erb:11:in `block in _app_views_books_show_html_erb__667989318326109301_38880'[0m

  56) [STEP3] 仕上げのテスト 他人の画面のテスト 他人の投稿詳細画面のテスト 表示内容の確認 投稿の編集リンクが表示されない
      [31mFailure/Error: <%= image_tag book.user.profile_image, size: "100x100" %>[0m
      [31m[0m
      [31mActionView::Template::Error:[0m
      [31m  undefined local variable or method `book' for an instance of #<Class:0x000079e77c79fa08>[0m
      [36m# ./app/views/books/show.html.erb:11:in `block in _app_views_books_show_html_erb__667989318326109301_38880'[0m
      [36m# ./app/views/books/show.html.erb:9:in `_app_views_books_show_html_erb__667989318326109301_38880'[0m
      [36m# ./spec/system/03_finishing_touches_spec.rb:215:in `block (4 levels) in <main>'[0m
      [36m# ------------------[0m
      [36m# --- Caused by: ---[0m
      [36m# NameError:[0m
      [36m#   undefined local variable or method `book' for an instance of #<Class:0x000079e77c79fa08>[0m
      [36m#   ./app/views/books/show.html.erb:11:in `block in _app_views_books_show_html_erb__667989318326109301_38880'[0m

  57) [STEP3] 仕上げのテスト 他人の画面のテスト 他人の投稿詳細画面のテスト 表示内容の確認 投稿の削除リンクが表示されない
      [31mFailure/Error: <%= image_tag book.user.profile_image, size: "100x100" %>[0m
      [31m[0m
      [31mActionView::Template::Error:[0m
      [31m  undefined local variable or method `book' for an instance of #<Class:0x000079e77c79fa08>[0m
      [36m# ./app/views/books/show.html.erb:11:in `block in _app_views_books_show_html_erb__667989318326109301_38880'[0m
      [36m# ./app/views/books/show.html.erb:9:in `_app_views_books_show_html_erb__667989318326109301_38880'[0m
      [36m# ./spec/system/03_finishing_touches_spec.rb:215:in `block (4 levels) in <main>'[0m
      [36m# ------------------[0m
      [36m# --- Caused by: ---[0m
      [36m# NameError:[0m
      [36m#   undefined local variable or method `book' for an instance of #<Class:0x000079e77c79fa08>[0m
      [36m#   ./app/views/books/show.html.erb:11:in `block in _app_views_books_show_html_erb__667989318326109301_38880'[0m

  58) [STEP3] 仕上げのテスト 他人の画面のテスト 他人の投稿詳細画面のテスト サイドバーの確認 他人の名前と紹介文が表示される
      [31mFailure/Error: <%= image_tag book.user.profile_image, size: "100x100" %>[0m
      [31m[0m
      [31mActionView::Template::Error:[0m
      [31m  undefined local variable or method `book' for an instance of #<Class:0x000079e77c79fa08>[0m
      [36m# ./app/views/books/show.html.erb:11:in `block in _app_views_books_show_html_erb__667989318326109301_38880'[0m
      [36m# ./app/views/books/show.html.erb:9:in `_app_views_books_show_html_erb__667989318326109301_38880'[0m
      [36m# ./spec/system/03_finishing_touches_spec.rb:215:in `block (4 levels) in <main>'[0m
      [36m# ------------------[0m
      [36m# --- Caused by: ---[0m
      [36m# NameError:[0m
      [36m#   undefined local variable or method `book' for an instance of #<Class:0x000079e77c79fa08>[0m
      [36m#   ./app/views/books/show.html.erb:11:in `block in _app_views_books_show_html_erb__667989318326109301_38880'[0m

  59) [STEP3] 仕上げのテスト 他人の画面のテスト 他人の投稿詳細画面のテスト サイドバーの確認 他人のユーザ編集画面へのリンクが存在する
      [31mFailure/Error: <%= image_tag book.user.profile_image, size: "100x100" %>[0m
      [31m[0m
      [31mActionView::Template::Error:[0m
      [31m  undefined local variable or method `book' for an instance of #<Class:0x000079e77c79fa08>[0m
      [36m# ./app/views/books/show.html.erb:11:in `block in _app_views_books_show_html_erb__667989318326109301_38880'[0m
      [36m# ./app/views/books/show.html.erb:9:in `_app_views_books_show_html_erb__667989318326109301_38880'[0m
      [36m# ./spec/system/03_finishing_touches_spec.rb:215:in `block (4 levels) in <main>'[0m
      [36m# ------------------[0m
      [36m# --- Caused by: ---[0m
      [36m# NameError:[0m
      [36m#   undefined local variable or method `book' for an instance of #<Class:0x000079e77c79fa08>[0m
      [36m#   ./app/views/books/show.html.erb:11:in `block in _app_views_books_show_html_erb__667989318326109301_38880'[0m

  60) [STEP3] 仕上げのテスト 他人の画面のテスト 他人の投稿詳細画面のテスト サイドバーの確認 自分の名前と紹介文は表示されない
      [31mFailure/Error: <%= image_tag book.user.profile_image, size: "100x100" %>[0m
      [31m[0m
      [31mActionView::Template::Error:[0m
      [31m  undefined local variable or method `book' for an instance of #<Class:0x000079e77c79fa08>[0m
      [36m# ./app/views/books/show.html.erb:11:in `block in _app_views_books_show_html_erb__667989318326109301_38880'[0m
      [36m# ./app/views/books/show.html.erb:9:in `_app_views_books_show_html_erb__667989318326109301_38880'[0m
      [36m# ./spec/system/03_finishing_touches_spec.rb:215:in `block (4 levels) in <main>'[0m
      [36m# ------------------[0m
      [36m# --- Caused by: ---[0m
      [36m# NameError:[0m
      [36m#   undefined local variable or method `book' for an instance of #<Class:0x000079e77c79fa08>[0m
      [36m#   ./app/views/books/show.html.erb:11:in `block in _app_views_books_show_html_erb__667989318326109301_38880'[0m

  61) [STEP3] 仕上げのテスト 他人の画面のテスト 他人の投稿詳細画面のテスト サイドバーの確認 自分のユーザ編集画面へのリンクは存在しない
      [31mFailure/Error: <%= image_tag book.user.profile_image, size: "100x100" %>[0m
      [31m[0m
      [31mActionView::Template::Error:[0m
      [31m  undefined local variable or method `book' for an instance of #<Class:0x000079e77c79fa08>[0m
      [36m# ./app/views/books/show.html.erb:11:in `block in _app_views_books_show_html_erb__667989318326109301_38880'[0m
      [36m# ./app/views/books/show.html.erb:9:in `_app_views_books_show_html_erb__667989318326109301_38880'[0m
      [36m# ./spec/system/03_finishing_touches_spec.rb:215:in `block (4 levels) in <main>'[0m
      [36m# ------------------[0m
      [36m# --- Caused by: ---[0m
      [36m# NameError:[0m
      [36m#   undefined local variable or method `book' for an instance of #<Class:0x000079e77c79fa08>[0m
      [36m#   ./app/views/books/show.html.erb:11:in `block in _app_views_books_show_html_erb__667989318326109301_38880'[0m

  62) [STEP3] 仕上げのテスト グリッドシステムのテスト: container, row, col-md-〇を正しく使えている 投稿詳細画面
      [31mFailure/Error: <%= image_tag book.user.profile_image, size: "100x100" %>[0m
      [31m[0m
      [31mActionView::Template::Error:[0m
      [31m  undefined local variable or method `book' for an instance of #<Class:0x000079e77c79fa08>[0m
      [36m# ./app/views/books/show.html.erb:11:in `block in _app_views_books_show_html_erb__667989318326109301_38880'[0m
      [36m# ./app/views/books/show.html.erb:9:in `_app_views_books_show_html_erb__667989318326109301_38880'[0m
      [36m# ./spec/system/03_finishing_touches_spec.rb:348:in `block (3 levels) in <main>'[0m
      [36m# ------------------[0m
      [36m# --- Caused by: ---[0m
      [36m# NameError:[0m
      [36m#   undefined local variable or method `book' for an instance of #<Class:0x000079e77c79fa08>[0m
      [36m#   ./app/views/books/show.html.erb:11:in `block in _app_views_books_show_html_erb__667989318326109301_38880'[0m

  63) [STEP3] 仕上げのテスト アイコンのテスト ヘッダー: ログインしていない場合 Log inリンクのアイコンが表示される
      [31mFailure/Error: is_expected.to have_selector '.fa-solid.fa-right-to-bracket, .fa-solid.fa-sign-in-alt, .fas.fa-sign-in-alt'[0m
      [31m  expected to find css ".fa-solid.fa-right-to-bracket, .fa-solid.fa-sign-in-alt, .fas.fa-sign-in-alt" but there were no matches[0m
      [36m# ./spec/system/03_finishing_touches_spec.rb:396:in `block (4 levels) in <main>'[0m

  64) [STEP3] 仕上げのテスト アイコンのテスト ヘッダー: ログインしている場合 Log outリンクのアイコンが表示される
      [31mFailure/Error: is_expected.to have_selector '.fa-solid.fa-right-from-bracket, .fa-solid.fa-sign-out-alt, .fas.fa-sign-out-alt'[0m
      [31m  expected to find css ".fa-solid.fa-right-from-bracket, .fa-solid.fa-sign-out-alt, .fas.fa-sign-out-alt" but there were no matches[0m
      [36m# ./spec/system/03_finishing_touches_spec.rb:420:in `block (4 levels) in <main>'[0m

  65) [STEP3] 仕上げのテスト アイコンのテスト サイドバー 投稿詳細画面でレンチアイコンが表示される
      [31mFailure/Error: <%= image_tag book.user.profile_image, size: "100x100" %>[0m
      [31m[0m
      [31mActionView::Template::Error:[0m
      [31m  undefined local variable or method `book' for an instance of #<Class:0x000079e77c79fa08>[0m
      [36m# ./app/views/books/show.html.erb:11:in `block in _app_views_books_show_html_erb__667989318326109301_38880'[0m
      [36m# ./app/views/books/show.html.erb:9:in `_app_views_books_show_html_erb__667989318326109301_38880'[0m
      [36m# ./spec/system/03_finishing_touches_spec.rb:447:in `block (4 levels) in <main>'[0m
      [36m# ------------------[0m
      [36m# --- Caused by: ---[0m
      [36m# NameError:[0m
      [36m#   undefined local variable or method `book' for an instance of #<Class:0x000079e77c79fa08>[0m
      [36m#   ./app/views/books/show.html.erb:11:in `block in _app_views_books_show_html_erb__667989318326109301_38880'[0m

Finished in 11.31 seconds (files took 1.57 seconds to load)
[31m201 examples, 65 failures[0m

Failed examples:

[31mrspec ./spec/system/01_before_login_spec.rb:101[0m [36m# [STEP1] ユーザログイン前のテスト ヘッダーのテスト: ログインしていない場合 リンクの内容を確認 Log inを押すと、ログイン画面に遷移する[0m
[31mrspec ./spec/system/01_before_login_spec.rb:147[0m [36m# [STEP1] ユーザログイン前のテスト ユーザ新規登録のテスト 新規登録成功のテスト 正しく新規登録される[0m
[31mrspec ./spec/system/01_before_login_spec.rb:150[0m [36m# [STEP1] ユーザログイン前のテスト ユーザ新規登録のテスト 新規登録成功のテスト 新規登録後のリダイレクト先が、新規登録できたユーザの詳細画面になっている[0m
[31mrspec ./spec/system/01_before_login_spec.rb:165[0m [36m# [STEP1] ユーザログイン前のテスト ユーザログイン 表示内容の確認 URLが正しい[0m
[31mrspec ./spec/system/01_before_login_spec.rb:204[0m [36m# [STEP1] ユーザログイン前のテスト ユーザログイン ログイン失敗のテスト ログインに失敗し、ログイン画面にリダイレクトされる[0m
[31mrspec ./spec/system/01_before_login_spec.rb:261[0m [36m# [STEP1] ユーザログイン前のテスト ユーザログアウトのテスト ログアウト機能のテスト ログアウト後のリダイレクト先が、トップになっている[0m
[31mrspec ./spec/system/02_after_login_spec.rb:98[0m [36m# [STEP2] ユーザログイン後のテスト 投稿一覧画面のテスト 投稿成功のテスト 自分の新しい投稿が正しく保存される[0m
[31mrspec ./spec/system/02_after_login_spec.rb:101[0m [36m# [STEP2] ユーザログイン後のテスト 投稿一覧画面のテスト 投稿成功のテスト リダイレクト先が、保存できた投稿の詳細画面になっている[0m
[31mrspec ./spec/system/02_after_login_spec.rb:114[0m [36m# [STEP2] ユーザログイン後のテスト 自分の投稿詳細画面のテスト 表示内容の確認 URLが正しい[0m
[31mrspec ./spec/system/02_after_login_spec.rb:117[0m [36m# [STEP2] ユーザログイン後のテスト 自分の投稿詳細画面のテスト 表示内容の確認 「Book detail」と表示される[0m
[31mrspec ./spec/system/02_after_login_spec.rb:120[0m [36m# [STEP2] ユーザログイン後のテスト 自分の投稿詳細画面のテスト 表示内容の確認 ユーザ画像・名前のリンク先が正しい[0m
[31mrspec ./spec/system/02_after_login_spec.rb:123[0m [36m# [STEP2] ユーザログイン後のテスト 自分の投稿詳細画面のテスト 表示内容の確認 投稿のtitleが表示される[0m
[31mrspec ./spec/system/02_after_login_spec.rb:126[0m [36m# [STEP2] ユーザログイン後のテスト 自分の投稿詳細画面のテスト 表示内容の確認 投稿のbodyが表示される[0m
[31mrspec ./spec/system/02_after_login_spec.rb:129[0m [36m# [STEP2] ユーザログイン後のテスト 自分の投稿詳細画面のテスト 表示内容の確認 投稿の編集リンクが表示される[0m
[31mrspec ./spec/system/02_after_login_spec.rb:132[0m [36m# [STEP2] ユーザログイン後のテスト 自分の投稿詳細画面のテスト 表示内容の確認 投稿の削除リンクが表示される[0m
[31mrspec ./spec/system/02_after_login_spec.rb:138[0m [36m# [STEP2] ユーザログイン後のテスト 自分の投稿詳細画面のテスト サイドバーの確認 自分の名前と紹介文が表示される[0m
[31mrspec ./spec/system/02_after_login_spec.rb:142[0m [36m# [STEP2] ユーザログイン後のテスト 自分の投稿詳細画面のテスト サイドバーの確認 自分のユーザ編集画面へのリンクが存在する[0m
[31mrspec ./spec/system/02_after_login_spec.rb:145[0m [36m# [STEP2] ユーザログイン後のテスト 自分の投稿詳細画面のテスト サイドバーの確認 「New book」と表示される[0m
[31mrspec ./spec/system/02_after_login_spec.rb:148[0m [36m# [STEP2] ユーザログイン後のテスト 自分の投稿詳細画面のテスト サイドバーの確認 titleフォームが表示される[0m
[31mrspec ./spec/system/02_after_login_spec.rb:151[0m [36m# [STEP2] ユーザログイン後のテスト 自分の投稿詳細画面のテスト サイドバーの確認 titleフォームに値が入っていない[0m
[31mrspec ./spec/system/02_after_login_spec.rb:154[0m [36m# [STEP2] ユーザログイン後のテスト 自分の投稿詳細画面のテスト サイドバーの確認 bodyフォームが表示される[0m
[31mrspec ./spec/system/02_after_login_spec.rb:157[0m [36m# [STEP2] ユーザログイン後のテスト 自分の投稿詳細画面のテスト サイドバーの確認 bodyフォームに値が入っていない[0m
[31mrspec ./spec/system/02_after_login_spec.rb:160[0m [36m# [STEP2] ユーザログイン後のテスト 自分の投稿詳細画面のテスト サイドバーの確認 Create Bookボタンが表示される[0m
[31mrspec ./spec/system/02_after_login_spec.rb:171[0m [36m# [STEP2] ユーザログイン後のテスト 自分の投稿詳細画面のテスト 投稿成功のテスト 自分の新しい投稿が正しく保存される[0m
[31mrspec ./spec/system/02_after_login_spec.rb:180[0m [36m# [STEP2] ユーザログイン後のテスト 自分の投稿詳細画面のテスト 編集リンクのテスト 編集画面に遷移する[0m
[31mrspec ./spec/system/02_after_login_spec.rb:189[0m [36m# [STEP2] ユーザログイン後のテスト 自分の投稿詳細画面のテスト 削除リンクのテスト application.html.erbにjavascript_pack_tagを含んでいる[0m
[31mrspec ./spec/system/02_after_login_spec.rb:203[0m [36m# [STEP2] ユーザログイン後のテスト 自分の投稿詳細画面のテスト 削除リンクのテスト 正しく削除される[0m
[31mrspec ./spec/system/02_after_login_spec.rb:206[0m [36m# [STEP2] ユーザログイン後のテスト 自分の投稿詳細画面のテスト 削除リンクのテスト リダイレクト先が、投稿一覧画面になっている[0m
[31mrspec ./spec/system/02_after_login_spec.rb:230[0m [36m# [STEP2] ユーザログイン後のテスト 自分の投稿編集画面のテスト 表示の確認 Update Bookボタンが表示される[0m
[31mrspec ./spec/system/02_after_login_spec.rb:233[0m [36m# [STEP2] ユーザログイン後のテスト 自分の投稿編集画面のテスト 表示の確認 Showリンクが表示される[0m
[31mrspec ./spec/system/02_after_login_spec.rb:236[0m [36m# [STEP2] ユーザログイン後のテスト 自分の投稿編集画面のテスト 表示の確認 Backリンクが表示される[0m
[31mrspec ./spec/system/02_after_login_spec.rb:250[0m [36m# [STEP2] ユーザログイン後のテスト 自分の投稿編集画面のテスト 編集成功のテスト titleが正しく更新される[0m
[31mrspec ./spec/system/02_after_login_spec.rb:253[0m [36m# [STEP2] ユーザログイン後のテスト 自分の投稿編集画面のテスト 編集成功のテスト bodyが正しく更新される[0m
[31mrspec ./spec/system/02_after_login_spec.rb:256[0m [36m# [STEP2] ユーザログイン後のテスト 自分の投稿編集画面のテスト 編集成功のテスト リダイレクト先が、更新した投稿の詳細画面になっている[0m
[31mrspec ./spec/system/02_after_login_spec.rb:279[0m [36m# [STEP2] ユーザログイン後のテスト ユーザ一覧画面のテスト 表示内容の確認 自分と他人のshowリンクがそれぞれ表示される[0m
[31mrspec ./spec/system/02_after_login_spec.rb:380[0m [36m# [STEP2] ユーザログイン後のテスト 自分のユーザ情報編集画面のテスト 表示の確認 画像編集フォームが表示される[0m
[31mrspec ./spec/system/03_finishing_touches_spec.rb:12[0m [36m# [STEP3] 仕上げのテスト サクセスメッセージのテスト ユーザ新規登録成功時[0m
[31mrspec ./spec/system/03_finishing_touches_spec.rb:47[0m [36m# [STEP3] 仕上げのテスト サクセスメッセージのテスト 投稿データの新規投稿成功時: 投稿一覧画面から行います。[0m
[31mrspec ./spec/system/03_finishing_touches_spec.rb:58[0m [36m# [STEP3] 仕上げのテスト サクセスメッセージのテスト 投稿データの更新成功時[0m
[31mrspec ./spec/system/03_finishing_touches_spec.rb:84[0m [36m# [STEP3] 仕上げのテスト 処理失敗時のテスト ユーザ新規登録失敗: nameを1文字にする 新規登録画面を表示しており、フォームの内容が正しい[0m
[31mrspec ./spec/system/03_finishing_touches_spec.rb:90[0m [36m# [STEP3] 仕上げのテスト 処理失敗時のテスト ユーザ新規登録失敗: nameを1文字にする バリデーションエラーが表示される[0m
[31mrspec ./spec/system/03_finishing_touches_spec.rb:162[0m [36m# [STEP3] 仕上げのテスト 処理失敗時のテスト 投稿データの更新失敗: titleを空にする 投稿が更新されない[0m
[31mrspec ./spec/system/03_finishing_touches_spec.rb:165[0m [36m# [STEP3] 仕上げのテスト 処理失敗時のテスト 投稿データの更新失敗: titleを空にする 投稿編集画面を表示しており、フォームの内容が正しい[0m
[31mrspec ./spec/system/03_finishing_touches_spec.rb:170[0m [36m# [STEP3] 仕上げのテスト 処理失敗時のテスト 投稿データの更新失敗: titleを空にする エラーメッセージが表示される[0m
[31mrspec ./spec/system/03_finishing_touches_spec.rb:179[0m [36m# [STEP3] 仕上げのテスト ログインしていない場合のアクセス制限のテスト: アクセスできず、ログイン画面に遷移する ユーザ一覧画面[0m
[31mrspec ./spec/system/03_finishing_touches_spec.rb:183[0m [36m# [STEP3] 仕上げのテスト ログインしていない場合のアクセス制限のテスト: アクセスできず、ログイン画面に遷移する ユーザ詳細画面[0m
[31mrspec ./spec/system/03_finishing_touches_spec.rb:187[0m [36m# [STEP3] 仕上げのテスト ログインしていない場合のアクセス制限のテスト: アクセスできず、ログイン画面に遷移する ユーザ情報編集画面[0m
[31mrspec ./spec/system/03_finishing_touches_spec.rb:191[0m [36m# [STEP3] 仕上げのテスト ログインしていない場合のアクセス制限のテスト: アクセスできず、ログイン画面に遷移する 投稿一覧画面[0m
[31mrspec ./spec/system/03_finishing_touches_spec.rb:195[0m [36m# [STEP3] 仕上げのテスト ログインしていない場合のアクセス制限のテスト: アクセスできず、ログイン画面に遷移する 投稿詳細画面[0m
[31mrspec ./spec/system/03_finishing_touches_spec.rb:199[0m [36m# [STEP3] 仕上げのテスト ログインしていない場合のアクセス制限のテスト: アクセスできず、ログイン画面に遷移する 投稿編集画面[0m
[31mrspec ./spec/system/03_finishing_touches_spec.rb:219[0m [36m# [STEP3] 仕上げのテスト 他人の画面のテスト 他人の投稿詳細画面のテスト 表示内容の確認 URLが正しい[0m
[31mrspec ./spec/system/03_finishing_touches_spec.rb:222[0m [36m# [STEP3] 仕上げのテスト 他人の画面のテスト 他人の投稿詳細画面のテスト 表示内容の確認 「Book detail」と表示される[0m
[31mrspec ./spec/system/03_finishing_touches_spec.rb:225[0m [36m# [STEP3] 仕上げのテスト 他人の画面のテスト 他人の投稿詳細画面のテスト 表示内容の確認 ユーザ画像・名前のリンク先が正しい[0m
[31mrspec ./spec/system/03_finishing_touches_spec.rb:228[0m [36m# [STEP3] 仕上げのテスト 他人の画面のテスト 他人の投稿詳細画面のテスト 表示内容の確認 投稿のtitleが表示される[0m
[31mrspec ./spec/system/03_finishing_touches_spec.rb:231[0m [36m# [STEP3] 仕上げのテスト 他人の画面のテスト 他人の投稿詳細画面のテスト 表示内容の確認 投稿のopinionが表示される[0m
[31mrspec ./spec/system/03_finishing_touches_spec.rb:234[0m [36m# [STEP3] 仕上げのテスト 他人の画面のテスト 他人の投稿詳細画面のテスト 表示内容の確認 投稿の編集リンクが表示されない[0m
[31mrspec ./spec/system/03_finishing_touches_spec.rb:237[0m [36m# [STEP3] 仕上げのテスト 他人の画面のテスト 他人の投稿詳細画面のテスト 表示内容の確認 投稿の削除リンクが表示されない[0m
[31mrspec ./spec/system/03_finishing_touches_spec.rb:243[0m [36m# [STEP3] 仕上げのテスト 他人の画面のテスト 他人の投稿詳細画面のテスト サイドバーの確認 他人の名前と紹介文が表示される[0m
[31mrspec ./spec/system/03_finishing_touches_spec.rb:247[0m [36m# [STEP3] 仕上げのテスト 他人の画面のテスト 他人の投稿詳細画面のテスト サイドバーの確認 他人のユーザ編集画面へのリンクが存在する[0m
[31mrspec ./spec/system/03_finishing_touches_spec.rb:250[0m [36m# [STEP3] 仕上げのテスト 他人の画面のテスト 他人の投稿詳細画面のテスト サイドバーの確認 自分の名前と紹介文は表示されない[0m
[31mrspec ./spec/system/03_finishing_touches_spec.rb:254[0m [36m# [STEP3] 仕上げのテスト 他人の画面のテスト 他人の投稿詳細画面のテスト サイドバーの確認 自分のユーザ編集画面へのリンクは存在しない[0m
[31mrspec ./spec/system/03_finishing_touches_spec.rb:347[0m [36m# [STEP3] 仕上げのテスト グリッドシステムのテスト: container, row, col-md-〇を正しく使えている 投稿詳細画面[0m
[31mrspec ./spec/system/03_finishing_touches_spec.rb:395[0m [36m# [STEP3] 仕上げのテスト アイコンのテスト ヘッダー: ログインしていない場合 Log inリンクのアイコンが表示される[0m
[31mrspec ./spec/system/03_finishing_touches_spec.rb:419[0m [36m# [STEP3] 仕上げのテスト アイコンのテスト ヘッダー: ログインしている場合 Log outリンクのアイコンが表示される[0m
[31mrspec ./spec/system/03_finishing_touches_spec.rb:446[0m [36m# [STEP3] 仕上げのテスト アイコンのテスト サイドバー 投稿詳細画面でレンチアイコンが表示される[0m

